C:\USERS\USER\DOCUMENTS\VISUAL STUDIO 2010\PROJECTS\BATTLESHIP\BATTLESHIP\DEBUG\BATTLESHIP.EXE.EMBED.MANIFEST
C:\USERS\USER\DOCUMENTS\VISUAL STUDIO 2010\PROJECTS\BATTLESHIP\BATTLESHIP\DEBUG\BATTLESHIP.EXE.EMBED.MANIFEST.RES
C:\USERS\USER\DOCUMENTS\VISUAL STUDIO 2010\PROJECTS\BATTLESHIP\BATTLESHIP\DEBUG\BATTLESHIP.EXE.INTERMEDIATE.MANIFEST
C:\USERS\USER\DOCUMENTS\VISUAL STUDIO 2010\PROJECTS\BATTLESHIP\BATTLESHIP\DEBUG\BATTLESHIP.OBJ
C:\USERS\USER\DOCUMENTS\VISUAL STUDIO 2010\PROJECTS\BATTLESHIP\BATTLESHIP\DEBUG\BATTLESHIP.PCH
C:\Users\User\Documents\Visual Studio 2010\Projects\BattleShip\BattleShip\Debug\BattleShip.write.1.tlog
C:\Users\User\Documents\Visual Studio 2010\Projects\BattleShip\BattleShip\Debug\BattleShip_manifest.rc
C:\Users\User\Documents\Visual Studio 2010\Projects\BattleShip\BattleShip\Debug\cl.command.1.tlog
C:\Users\User\Documents\Visual Studio 2010\Projects\BattleShip\BattleShip\Debug\CL.read.1.tlog
C:\Users\User\Documents\Visual Studio 2010\Projects\BattleShip\BattleShip\Debug\CL.write.1.tlog
C:\USERS\USER\DOCUMENTS\VISUAL STUDIO 2010\PROJECTS\BATTLESHIP\BATTLESHIP\DEBUG\COMPUTER.OBJ
C:\USERS\USER\DOCUMENTS\VISUAL STUDIO 2010\PROJECTS\BATTLESHIP\BATTLESHIP\DEBUG\FIELD.OBJ
C:\USERS\USER\DOCUMENTS\VISUAL STUDIO 2010\PROJECTS\BATTLESHIP\BATTLESHIP\DEBUG\GAME.OBJ
C:\USERS\USER\DOCUMENTS\VISUAL STUDIO 2010\PROJECTS\BATTLESHIP\BATTLESHIP\DEBUG\HUMAN.OBJ
C:\Users\User\Documents\Visual Studio 2010\Projects\BattleShip\BattleShip\Debug\link.4652.read.1.tlog
C:\Users\User\Documents\Visual Studio 2010\Projects\BattleShip\BattleShip\Debug\link.4652.write.1.tlog
C:\Users\User\Documents\Visual Studio 2010\Projects\BattleShip\BattleShip\Debug\link.4652-cvtres.read.1.tlog
C:\Users\User\Documents\Visual Studio 2010\Projects\BattleShip\BattleShip\Debug\link.4652-cvtres.write.1.tlog
C:\Users\User\Documents\Visual Studio 2010\Projects\BattleShip\BattleShip\Debug\link.command.1.tlog
C:\Users\User\Documents\Visual Studio 2010\Projects\BattleShip\BattleShip\Debug\link.read.1.tlog
C:\Users\User\Documents\Visual Studio 2010\Projects\BattleShip\BattleShip\Debug\link.write.1.tlog
C:\Users\User\Documents\Visual Studio 2010\Projects\BattleShip\BattleShip\Debug\link-cvtres.read.1.tlog
C:\Users\User\Documents\Visual Studio 2010\Projects\BattleShip\BattleShip\Debug\link-cvtres.write.1.tlog
C:\Users\User\Documents\Visual Studio 2010\Projects\BattleShip\BattleShip\Debug\mt.command.1.tlog
C:\Users\User\Documents\Visual Studio 2010\Projects\BattleShip\BattleShip\Debug\mt.read.1.tlog
C:\Users\User\Documents\Visual Studio 2010\Projects\BattleShip\BattleShip\Debug\mt.write.1.tlog
C:\USERS\USER\DOCUMENTS\VISUAL STUDIO 2010\PROJECTS\BATTLESHIP\BATTLESHIP\DEBUG\PLAYER.OBJ
C:\Users\User\Documents\Visual Studio 2010\Projects\BattleShip\BattleShip\Debug\rc.command.1.tlog
C:\Users\User\Documents\Visual Studio 2010\Projects\BattleShip\BattleShip\Debug\rc.read.1.tlog
C:\Users\User\Documents\Visual Studio 2010\Projects\BattleShip\BattleShip\Debug\rc.write.1.tlog
C:\USERS\USER\DOCUMENTS\VISUAL STUDIO 2010\PROJECTS\BATTLESHIP\BATTLESHIP\DEBUG\SHIP.OBJ
C:\USERS\USER\DOCUMENTS\VISUAL STUDIO 2010\PROJECTS\BATTLESHIP\BATTLESHIP\DEBUG\STDAFX.OBJ
C:\Users\User\Documents\Visual Studio 2010\Projects\BattleShip\BattleShip\Debug\vc100.idb
C:\USERS\USER\DOCUMENTS\VISUAL STUDIO 2010\PROJECTS\BATTLESHIP\BATTLESHIP\DEBUG\VC100.PDB
C:\USERS\USER\DOCUMENTS\VISUAL STUDIO 2010\PROJECTS\BATTLESHIP\DEBUG\BATTLESHIP.EXE
C:\USERS\USER\DOCUMENTS\VISUAL STUDIO 2010\PROJECTS\BATTLESHIP\DEBUG\BATTLESHIP.ILK
C:\USERS\USER\DOCUMENTS\VISUAL STUDIO 2010\PROJECTS\BATTLESHIP\DEBUG\BATTLESHIP.PDB
